<?xml version="1.0" encoding="UTF-8"?>
<!-- Generated by org.testng.reporters.JUnitReportReporter -->
<testsuite skipped="0" hostname="D1MD21765" name="com.demoaut.mercurytours.pageObjects.MyClass" tests="2" failures="0" timestamp="21 Nov 2017 13:27:21 GMT" time="25.573" errors="0">
  <testcase name="aopenURL" time="14.873" classname="com.demoaut.mercurytours.pageObjects.MyClass"/>
  <testcase name="aaaregiser" time="10.700" classname="com.demoaut.mercurytours.pageObjects.MyClass"/>
</testsuite> <!-- com.demoaut.mercurytours.pageObjects.MyClass -->
