<?xml version="1.0" encoding="UTF-8"?>
<!-- Generated by org.testng.reporters.JUnitReportReporter -->
<testsuite skipped="0" hostname="D1MD21765" name="com.mercurytours.pages.test" tests="1" failures="0" timestamp="16 Nov 2017 10:19:06 GMT" time="7.126" errors="0">
  <testcase name="openBrowserTest" time="7.126" classname="com.mercurytours.pages.test"/>
</testsuite> <!-- com.mercurytours.pages.test -->
