<?xml version="1.0" encoding="UTF-8"?>
<!-- Generated by org.testng.reporters.JUnitReportReporter -->
<testsuite skipped="0" hostname="D1ML20834" name="com.demoaut.mercurytours.TestCases.RegisterUserTest" tests="1" failures="0" timestamp="28 Jun 2018 10:36:58 GMT" time="12.173" errors="0">
  <testcase name="registerNewUser" time="12.173" classname="com.demoaut.mercurytours.TestCases.RegisterUserTest"/>
</testsuite> <!-- com.demoaut.mercurytours.TestCases.RegisterUserTest -->
