<?xml version="1.0" encoding="UTF-8"?>
<!-- Generated by org.testng.reporters.JUnitReportReporter -->
<testsuite skipped="0" hostname="D1MD21765" name="Learning.Mindtree_201.NewTest" tests="2" failures="0" timestamp="17 Oct 2017 11:15:18 GMT" time="0.013" errors="0">
  <testcase name="f" time="0.009" classname="Learning.Mindtree_201.NewTest"/>
  <testcase name="g" time="0.004" classname="Learning.Mindtree_201.NewTest"/>
</testsuite> <!-- Learning.Mindtree_201.NewTest -->
