<?xml version="1.0" encoding="UTF-8"?>
<!-- Generated by org.testng.reporters.JUnitReportReporter -->
<testsuite skipped="0" hostname="D1MD21765" name="com.mercurytours.pages.MyClass" tests="1" failures="0" timestamp="16 Nov 2017 10:26:06 GMT" time="2.532" errors="0">
  <testcase name="aopenURL" time="2.532" classname="com.mercurytours.pages.MyClass"/>
</testsuite> <!-- com.mercurytours.pages.MyClass -->
