<?xml version="1.0" encoding="UTF-8"?>
<!-- Generated by org.testng.reporters.JUnitReportReporter -->
<testsuite skipped="0" hostname="D1ML20834" name="com.demoaut.mercurytours.TestCases.FlightBookingTest" tests="1" failures="0" timestamp="29 Jun 2018 06:10:09 GMT" time="28.815" errors="0">
  <testcase name="bookFlightMethod" time="28.815" classname="com.demoaut.mercurytours.TestCases.FlightBookingTest"/>
</testsuite> <!-- com.demoaut.mercurytours.TestCases.FlightBookingTest -->
