<?xml version="1.0" encoding="UTF-8"?>
<!-- Generated by org.testng.reporters.JUnitReportReporter -->
<testsuite skipped="0" hostname="D1ML20834" name="com.demoaut.mercurytours.TestCases.LoginUserTest" tests="2" failures="0" timestamp="29 Jun 2018 06:10:09 GMT" time="21.189" errors="0">
  <testcase name="validCredentialLogin" time="11.693" classname="com.demoaut.mercurytours.TestCases.LoginUserTest"/>
  <testcase name="invalidCredentialLogin" time="9.496" classname="com.demoaut.mercurytours.TestCases.LoginUserTest"/>
</testsuite> <!-- com.demoaut.mercurytours.TestCases.LoginUserTest -->
